<?xml version="1.0" encoding="UTF-8"?>
<coverage generated="1782402955076" clover="3.2.0">
  <project timestamp="1782402955076" name="All files">
    <metrics statements="61" coveredstatements="55" conditionals="35" coveredconditionals="25" methods="12" coveredmethods="12" elements="108" coveredelements="92" complexity="0" loc="61" ncloc="61" packages="2" files="6" classes="6"/>
    <package name="src">
      <metrics statements="29" coveredstatements="28" conditionals="13" coveredconditionals="11" methods="5" coveredmethods="5"/>
      <file name="buildDiff.js" path="/Users/d.zagoruyko/qa-auto-engineer-javascript-project-87/src/buildDiff.js">
        <metrics statements="12" coveredstatements="12" conditionals="6" coveredconditionals="6" methods="2" coveredmethods="2"/>
        <line num="3" count="1" type="stmt"/>
        <line num="4" count="4" type="stmt"/>
        <line num="6" count="4" type="stmt"/>
        <line num="7" count="4" type="stmt"/>
        <line num="8" count="20" type="cond" truecount="2" falsecount="0"/>
        <line num="9" count="4" type="stmt"/>
        <line num="10" count="16" type="cond" truecount="2" falsecount="0"/>
        <line num="11" count="8" type="stmt"/>
        <line num="12" count="8" type="cond" truecount="2" falsecount="0"/>
        <line num="13" count="4" type="stmt"/>
        <line num="15" count="4" type="stmt"/>
        <line num="23" count="4" type="stmt"/>
      </file>
      <file name="index.js" path="/Users/d.zagoruyko/qa-auto-engineer-javascript-project-87/src/index.js">
        <metrics statements="6" coveredstatements="6" conditionals="1" coveredconditionals="1" methods="1" coveredmethods="1"/>
        <line num="5" count="1" type="cond" truecount="1" falsecount="0"/>
        <line num="6" count="4" type="stmt"/>
        <line num="7" count="4" type="stmt"/>
        <line num="9" count="4" type="stmt"/>
        <line num="10" count="4" type="stmt"/>
        <line num="12" count="4" type="stmt"/>
      </file>
      <file name="parsers.js" path="/Users/d.zagoruyko/qa-auto-engineer-javascript-project-87/src/parsers.js">
        <metrics statements="11" coveredstatements="10" conditionals="6" coveredconditionals="4" methods="2" coveredmethods="2"/>
        <line num="4" count="1" type="stmt"/>
        <line num="5" count="8" type="stmt"/>
        <line num="6" count="8" type="stmt"/>
        <line num="9" count="1" type="stmt"/>
        <line num="10" count="8" type="stmt"/>
        <line num="11" count="8" type="stmt"/>
        <line num="13" count="8" type="cond" truecount="2" falsecount="0"/>
        <line num="14" count="5" type="stmt"/>
        <line num="17" count="3" type="cond" truecount="2" falsecount="2"/>
        <line num="18" count="3" type="stmt"/>
        <line num="21" count="0" type="stmt"/>
      </file>
    </package>
    <package name="src.formatters">
      <metrics statements="32" coveredstatements="27" conditionals="22" coveredconditionals="14" methods="7" coveredmethods="7"/>
      <file name="index.js" path="/Users/d.zagoruyko/qa-auto-engineer-javascript-project-87/src/formatters/index.js">
        <metrics statements="4" coveredstatements="3" conditionals="3" coveredconditionals="1" methods="1" coveredmethods="1"/>
        <line num="4" count="1" type="stmt"/>
        <line num="10" count="4" type="cond" truecount="1" falsecount="1"/>
        <line num="11" count="0" type="stmt"/>
        <line num="13" count="4" type="stmt"/>
      </file>
      <file name="plain.js" path="/Users/d.zagoruyko/qa-auto-engineer-javascript-project-87/src/formatters/plain.js">
        <metrics statements="18" coveredstatements="15" conditionals="14" coveredconditionals="9" methods="4" coveredmethods="4"/>
        <line num="1" count="1" type="stmt"/>
        <line num="2" count="3" type="cond" truecount="1" falsecount="1"/>
        <line num="3" count="0" type="stmt"/>
        <line num="5" count="3" type="cond" truecount="2" falsecount="2"/>
        <line num="6" count="0" type="stmt"/>
        <line num="8" count="3" type="stmt"/>
        <line num="11" count="1" type="cond" truecount="1" falsecount="0"/>
        <line num="12" count="1" type="stmt"/>
        <line num="15" count="5" type="cond" truecount="1" falsecount="1"/>
        <line num="16" count="5" type="stmt"/>
        <line num="18" count="5" type="cond" truecount="4" falsecount="1"/>
        <line num="20" count="1" type="stmt"/>
        <line num="22" count="2" type="stmt"/>
        <line num="24" count="1" type="stmt"/>
        <line num="26" count="1" type="stmt"/>
        <line num="28" count="0" type="stmt"/>
        <line num="31" count="5" type="stmt"/>
        <line num="33" count="1" type="stmt"/>
      </file>
      <file name="stylish.js" path="/Users/d.zagoruyko/qa-auto-engineer-javascript-project-87/src/formatters/stylish.js">
        <metrics statements="10" coveredstatements="9" conditionals="5" coveredconditionals="4" methods="2" coveredmethods="2"/>
        <line num="1" count="1" type="stmt"/>
        <line num="2" count="3" type="stmt"/>
        <line num="5" count="15" type="stmt"/>
        <line num="7" count="15" type="cond" truecount="4" falsecount="1"/>
        <line num="9" count="3" type="stmt"/>
        <line num="11" count="6" type="stmt"/>
        <line num="13" count="3" type="stmt"/>
        <line num="15" count="3" type="stmt"/>
        <line num="17" count="0" type="stmt"/>
        <line num="21" count="3" type="stmt"/>
      </file>
    </package>
  </project>
</coverage>
