{"/Users/d.zagoruyko/qa-auto-engineer-javascript-project-87/src/buildDiff.js": {"path":"/Users/d.zagoruyko/qa-auto-engineer-javascript-project-87/src/buildDiff.js","statementMap":{"0":{"start":{"line":3,"column":18},"end":{"line":24,"column":1}},"1":{"start":{"line":4,"column":15},"end":{"line":4,"column":62}},"2":{"start":{"line":6,"column":15},"end":{"line":6,"column":17}},"3":{"start":{"line":7,"column":2},"end":{"line":21,"column":5}},"4":{"start":{"line":8,"column":4},"end":{"line":20,"column":5}},"5":{"start":{"line":9,"column":6},"end":{"line":9,"column":55}},"6":{"start":{"line":10,"column":11},"end":{"line":20,"column":5}},"7":{"start":{"line":11,"column":6},"end":{"line":11,"column":57}},"8":{"start":{"line":12,"column":11},"end":{"line":20,"column":5}},"9":{"start":{"line":13,"column":6},"end":{"line":13,"column":59}},"10":{"start":{"line":15,"column":6},"end":{"line":19,"column":8}},"11":{"start":{"line":23,"column":2},"end":{"line":23,"column":14}}},"fnMap":{"0":{"name":"(anonymous_0)","decl":{"start":{"line":3,"column":18},"end":{"line":3,"column":19}},"loc":{"start":{"line":3,"column":36},"end":{"line":24,"column":1}},"line":3},"1":{"name":"(anonymous_1)","decl":{"start":{"line":7,"column":15},"end":{"line":7,"column":16}},"loc":{"start":{"line":7,"column":24},"end":{"line":21,"column":3}},"line":7}},"branchMap":{"0":{"loc":{"start":{"line":8,"column":4},"end":{"line":20,"column":5}},"type":"if","locations":[{"start":{"line":8,"column":4},"end":{"line":20,"column":5}},{"start":{"line":10,"column":11},"end":{"line":20,"column":5}}],"line":8},"1":{"loc":{"start":{"line":10,"column":11},"end":{"line":20,"column":5}},"type":"if","locations":[{"start":{"line":10,"column":11},"end":{"line":20,"column":5}},{"start":{"line":12,"column":11},"end":{"line":20,"column":5}}],"line":10},"2":{"loc":{"start":{"line":12,"column":11},"end":{"line":20,"column":5}},"type":"if","locations":[{"start":{"line":12,"column":11},"end":{"line":20,"column":5}},{"start":{"line":14,"column":11},"end":{"line":20,"column":5}}],"line":12}},"s":{"0":1,"1":1,"2":1,"3":1,"4":5,"5":1,"6":4,"7":2,"8":2,"9":1,"10":1,"11":1},"f":{"0":1,"1":5},"b":{"0":[1,4],"1":[2,2],"2":[1,1]},"inputSourceMap":null,"_coverageSchema":"1a1c01bbd47fc00a2c39e90264f33305004495a9","hash":"a915982e4b32bc60a62ccde303120093458c05aa"}
,"/Users/d.zagoruyko/qa-auto-engineer-javascript-project-87/src/index.js": {"path":"/Users/d.zagoruyko/qa-auto-engineer-javascript-project-87/src/index.js","statementMap":{"0":{"start":{"line":5,"column":16},"end":{"line":12,"column":1}},"1":{"start":{"line":6,"column":16},"end":{"line":6,"column":36}},"2":{"start":{"line":7,"column":16},"end":{"line":7,"column":36}},"3":{"start":{"line":9,"column":15},"end":{"line":9,"column":38}},"4":{"start":{"line":11,"column":2},"end":{"line":11,"column":23}}},"fnMap":{"0":{"name":"(anonymous_0)","decl":{"start":{"line":5,"column":16},"end":{"line":5,"column":17}},"loc":{"start":{"line":5,"column":62},"end":{"line":12,"column":1}},"line":5}},"branchMap":{"0":{"loc":{"start":{"line":5,"column":39},"end":{"line":5,"column":57}},"type":"default-arg","locations":[{"start":{"line":5,"column":48},"end":{"line":5,"column":57}}],"line":5}},"s":{"0":1,"1":1,"2":1,"3":1,"4":1},"f":{"0":1},"b":{"0":[1]},"inputSourceMap":null,"_coverageSchema":"1a1c01bbd47fc00a2c39e90264f33305004495a9","hash":"5cfa579866b6cbf89b40f645cd6af00a9107e820"}
,"/Users/d.zagoruyko/qa-auto-engineer-javascript-project-87/src/parsers.js": {"path":"/Users/d.zagoruyko/qa-auto-engineer-javascript-project-87/src/parsers.js","statementMap":{"0":{"start":{"line":4,"column":22},"end":{"line":7,"column":1}},"1":{"start":{"line":5,"column":16},"end":{"line":5,"column":35}},"2":{"start":{"line":6,"column":2},"end":{"line":6,"column":33}},"3":{"start":{"line":10,"column":18},"end":{"line":20,"column":1}},"4":{"start":{"line":11,"column":17},"end":{"line":11,"column":40}},"5":{"start":{"line":13,"column":2},"end":{"line":16,"column":3}},"6":{"start":{"line":14,"column":17},"end":{"line":14,"column":51}},"7":{"start":{"line":15,"column":4},"end":{"line":15,"column":28}},"8":{"start":{"line":19,"column":2},"end":{"line":19,"column":56}}},"fnMap":{"0":{"name":"(anonymous_0)","decl":{"start":{"line":4,"column":22},"end":{"line":4,"column":23}},"loc":{"start":{"line":4,"column":36},"end":{"line":7,"column":1}},"line":4},"1":{"name":"(anonymous_1)","decl":{"start":{"line":10,"column":18},"end":{"line":10,"column":19}},"loc":{"start":{"line":10,"column":32},"end":{"line":20,"column":1}},"line":10}},"branchMap":{"0":{"loc":{"start":{"line":13,"column":2},"end":{"line":16,"column":3}},"type":"if","locations":[{"start":{"line":13,"column":2},"end":{"line":16,"column":3}},{"start":{},"end":{}}],"line":13}},"s":{"0":1,"1":2,"2":2,"3":1,"4":2,"5":2,"6":2,"7":2,"8":0},"f":{"0":2,"1":2},"b":{"0":[2,0]},"inputSourceMap":null,"_coverageSchema":"1a1c01bbd47fc00a2c39e90264f33305004495a9","hash":"8db1379952572ebd5f08134735b1f4e4412e4fe8"}
,"/Users/d.zagoruyko/qa-auto-engineer-javascript-project-87/src/formatters/stylish.js": {"path":"/Users/d.zagoruyko/qa-auto-engineer-javascript-project-87/src/formatters/stylish.js","statementMap":{"0":{"start":{"line":1,"column":16},"end":{"line":22,"column":1}},"1":{"start":{"line":2,"column":16},"end":{"line":19,"column":6}},"2":{"start":{"line":5,"column":50},"end":{"line":5,"column":59}},"3":{"start":{"line":7,"column":6},"end":{"line":18,"column":7}},"4":{"start":{"line":9,"column":8},"end":{"line":9,"column":38}},"5":{"start":{"line":11,"column":8},"end":{"line":11,"column":38}},"6":{"start":{"line":13,"column":8},"end":{"line":13,"column":66}},"7":{"start":{"line":15,"column":8},"end":{"line":15,"column":38}},"8":{"start":{"line":17,"column":8},"end":{"line":17,"column":18}},"9":{"start":{"line":21,"column":2},"end":{"line":21,"column":37}}},"fnMap":{"0":{"name":"(anonymous_0)","decl":{"start":{"line":1,"column":16},"end":{"line":1,"column":17}},"loc":{"start":{"line":1,"column":26},"end":{"line":22,"column":1}},"line":1},"1":{"name":"(anonymous_1)","decl":{"start":{"line":4,"column":9},"end":{"line":4,"column":10}},"loc":{"start":{"line":4,"column":18},"end":{"line":19,"column":5}},"line":4}},"branchMap":{"0":{"loc":{"start":{"line":7,"column":6},"end":{"line":18,"column":7}},"type":"switch","locations":[{"start":{"line":8,"column":6},"end":{"line":9,"column":38}},{"start":{"line":10,"column":6},"end":{"line":11,"column":38}},{"start":{"line":12,"column":6},"end":{"line":13,"column":66}},{"start":{"line":14,"column":6},"end":{"line":15,"column":38}},{"start":{"line":16,"column":6},"end":{"line":17,"column":18}}],"line":7}},"s":{"0":1,"1":1,"2":5,"3":5,"4":1,"5":2,"6":1,"7":1,"8":0,"9":1},"f":{"0":1,"1":5},"b":{"0":[1,2,1,1,0]},"inputSourceMap":null,"_coverageSchema":"1a1c01bbd47fc00a2c39e90264f33305004495a9","hash":"2974acbe254e3ee9bf9168f688d561b63b28e3e5"}
}
