{"/Users/d.zagoruyko/qa-auto-engineer-javascript-project-87/src/buildDiff.js": {"path":"/Users/d.zagoruyko/qa-auto-engineer-javascript-project-87/src/buildDiff.js","statementMap":{"0":{"start":{"line":3,"column":18},"end":{"line":24,"column":1}},"1":{"start":{"line":4,"column":15},"end":{"line":4,"column":62}},"2":{"start":{"line":6,"column":15},"end":{"line":6,"column":17}},"3":{"start":{"line":7,"column":2},"end":{"line":21,"column":5}},"4":{"start":{"line":8,"column":4},"end":{"line":20,"column":5}},"5":{"start":{"line":9,"column":6},"end":{"line":9,"column":55}},"6":{"start":{"line":10,"column":11},"end":{"line":20,"column":5}},"7":{"start":{"line":11,"column":6},"end":{"line":11,"column":57}},"8":{"start":{"line":12,"column":11},"end":{"line":20,"column":5}},"9":{"start":{"line":13,"column":6},"end":{"line":13,"column":59}},"10":{"start":{"line":15,"column":6},"end":{"line":19,"column":8}},"11":{"start":{"line":23,"column":2},"end":{"line":23,"column":14}}},"fnMap":{"0":{"name":"(anonymous_0)","decl":{"start":{"line":3,"column":18},"end":{"line":3,"column":19}},"loc":{"start":{"line":3,"column":36},"end":{"line":24,"column":1}},"line":3},"1":{"name":"(anonymous_1)","decl":{"start":{"line":7,"column":15},"end":{"line":7,"column":16}},"loc":{"start":{"line":7,"column":24},"end":{"line":21,"column":3}},"line":7}},"branchMap":{"0":{"loc":{"start":{"line":8,"column":4},"end":{"line":20,"column":5}},"type":"if","locations":[{"start":{"line":8,"column":4},"end":{"line":20,"column":5}},{"start":{"line":10,"column":11},"end":{"line":20,"column":5}}],"line":8},"1":{"loc":{"start":{"line":10,"column":11},"end":{"line":20,"column":5}},"type":"if","locations":[{"start":{"line":10,"column":11},"end":{"line":20,"column":5}},{"start":{"line":12,"column":11},"end":{"line":20,"column":5}}],"line":10},"2":{"loc":{"start":{"line":12,"column":11},"end":{"line":20,"column":5}},"type":"if","locations":[{"start":{"line":12,"column":11},"end":{"line":20,"column":5}},{"start":{"line":14,"column":11},"end":{"line":20,"column":5}}],"line":12}},"s":{"0":1,"1":4,"2":4,"3":4,"4":20,"5":4,"6":16,"7":8,"8":8,"9":4,"10":4,"11":4},"f":{"0":4,"1":20},"b":{"0":[4,16],"1":[8,8],"2":[4,4]},"inputSourceMap":null,"_coverageSchema":"1a1c01bbd47fc00a2c39e90264f33305004495a9","hash":"a915982e4b32bc60a62ccde303120093458c05aa"}
,"/Users/d.zagoruyko/qa-auto-engineer-javascript-project-87/src/index.js": {"path":"/Users/d.zagoruyko/qa-auto-engineer-javascript-project-87/src/index.js","statementMap":{"0":{"start":{"line":5,"column":16},"end":{"line":13,"column":1}},"1":{"start":{"line":6,"column":16},"end":{"line":6,"column":36}},"2":{"start":{"line":7,"column":16},"end":{"line":7,"column":36}},"3":{"start":{"line":9,"column":15},"end":{"line":9,"column":38}},"4":{"start":{"line":10,"column":20},"end":{"line":10,"column":44}},"5":{"start":{"line":12,"column":2},"end":{"line":12,"column":25}}},"fnMap":{"0":{"name":"(anonymous_0)","decl":{"start":{"line":5,"column":16},"end":{"line":5,"column":17}},"loc":{"start":{"line":5,"column":66},"end":{"line":13,"column":1}},"line":5}},"branchMap":{"0":{"loc":{"start":{"line":5,"column":39},"end":{"line":5,"column":61}},"type":"default-arg","locations":[{"start":{"line":5,"column":52},"end":{"line":5,"column":61}}],"line":5}},"s":{"0":1,"1":4,"2":4,"3":4,"4":4,"5":4},"f":{"0":4},"b":{"0":[3]},"inputSourceMap":null,"_coverageSchema":"1a1c01bbd47fc00a2c39e90264f33305004495a9","hash":"3a2eef093e704b7372fe88600cacf8522d62e143"}
,"/Users/d.zagoruyko/qa-auto-engineer-javascript-project-87/src/parsers.js": {"path":"/Users/d.zagoruyko/qa-auto-engineer-javascript-project-87/src/parsers.js","statementMap":{"0":{"start":{"line":4,"column":22},"end":{"line":7,"column":1}},"1":{"start":{"line":5,"column":16},"end":{"line":5,"column":35}},"2":{"start":{"line":6,"column":2},"end":{"line":6,"column":33}},"3":{"start":{"line":9,"column":18},"end":{"line":22,"column":1}},"4":{"start":{"line":10,"column":17},"end":{"line":10,"column":40}},"5":{"start":{"line":11,"column":15},"end":{"line":11,"column":49}},"6":{"start":{"line":13,"column":2},"end":{"line":15,"column":3}},"7":{"start":{"line":14,"column":4},"end":{"line":14,"column":28}},"8":{"start":{"line":17,"column":2},"end":{"line":19,"column":3}},"9":{"start":{"line":18,"column":4},"end":{"line":18,"column":27}},"10":{"start":{"line":21,"column":2},"end":{"line":21,"column":56}}},"fnMap":{"0":{"name":"(anonymous_0)","decl":{"start":{"line":4,"column":22},"end":{"line":4,"column":23}},"loc":{"start":{"line":4,"column":36},"end":{"line":7,"column":1}},"line":4},"1":{"name":"(anonymous_1)","decl":{"start":{"line":9,"column":18},"end":{"line":9,"column":19}},"loc":{"start":{"line":9,"column":32},"end":{"line":22,"column":1}},"line":9}},"branchMap":{"0":{"loc":{"start":{"line":13,"column":2},"end":{"line":15,"column":3}},"type":"if","locations":[{"start":{"line":13,"column":2},"end":{"line":15,"column":3}},{"start":{},"end":{}}],"line":13},"1":{"loc":{"start":{"line":17,"column":2},"end":{"line":19,"column":3}},"type":"if","locations":[{"start":{"line":17,"column":2},"end":{"line":19,"column":3}},{"start":{},"end":{}}],"line":17},"2":{"loc":{"start":{"line":17,"column":6},"end":{"line":17,"column":43}},"type":"binary-expr","locations":[{"start":{"line":17,"column":6},"end":{"line":17,"column":22}},{"start":{"line":17,"column":26},"end":{"line":17,"column":43}}],"line":17}},"s":{"0":1,"1":8,"2":8,"3":1,"4":8,"5":8,"6":8,"7":5,"8":3,"9":3,"10":0},"f":{"0":8,"1":8},"b":{"0":[5,3],"1":[3,0],"2":[3,0]},"inputSourceMap":null,"_coverageSchema":"1a1c01bbd47fc00a2c39e90264f33305004495a9","hash":"08fc36b149b0ba4770d1163abf709d41937594c0"}
,"/Users/d.zagoruyko/qa-auto-engineer-javascript-project-87/src/formatters/index.js": {"path":"/Users/d.zagoruyko/qa-auto-engineer-javascript-project-87/src/formatters/index.js","statementMap":{"0":{"start":{"line":4,"column":19},"end":{"line":7,"column":1}},"1":{"start":{"line":10,"column":2},"end":{"line":12,"column":3}},"2":{"start":{"line":11,"column":4},"end":{"line":11,"column":53}},"3":{"start":{"line":13,"column":2},"end":{"line":13,"column":32}}},"fnMap":{"0":{"name":"(anonymous_0)","decl":{"start":{"line":9,"column":15},"end":{"line":9,"column":16}},"loc":{"start":{"line":9,"column":43},"end":{"line":14,"column":1}},"line":9}},"branchMap":{"0":{"loc":{"start":{"line":9,"column":16},"end":{"line":9,"column":38}},"type":"default-arg","locations":[{"start":{"line":9,"column":29},"end":{"line":9,"column":38}}],"line":9},"1":{"loc":{"start":{"line":10,"column":2},"end":{"line":12,"column":3}},"type":"if","locations":[{"start":{"line":10,"column":2},"end":{"line":12,"column":3}},{"start":{},"end":{}}],"line":10}},"s":{"0":1,"1":4,"2":0,"3":4},"f":{"0":4},"b":{"0":[0],"1":[0,4]},"inputSourceMap":null,"_coverageSchema":"1a1c01bbd47fc00a2c39e90264f33305004495a9","hash":"4ec6c693ab397c78cf44ebedb457267cadefc653"}
,"/Users/d.zagoruyko/qa-auto-engineer-javascript-project-87/src/formatters/plain.js": {"path":"/Users/d.zagoruyko/qa-auto-engineer-javascript-project-87/src/formatters/plain.js","statementMap":{"0":{"start":{"line":1,"column":20},"end":{"line":9,"column":1}},"1":{"start":{"line":2,"column":2},"end":{"line":4,"column":3}},"2":{"start":{"line":3,"column":4},"end":{"line":3,"column":24}},"3":{"start":{"line":5,"column":2},"end":{"line":7,"column":3}},"4":{"start":{"line":6,"column":4},"end":{"line":6,"column":29}},"5":{"start":{"line":8,"column":2},"end":{"line":8,"column":23}},"6":{"start":{"line":11,"column":14},"end":{"line":34,"column":1}},"7":{"start":{"line":12,"column":16},"end":{"line":31,"column":36}},"8":{"start":{"line":15,"column":26},"end":{"line":15,"column":67}},"9":{"start":{"line":16,"column":50},"end":{"line":16,"column":59}},"10":{"start":{"line":18,"column":6},"end":{"line":29,"column":7}},"11":{"start":{"line":20,"column":8},"end":{"line":20,"column":87}},"12":{"start":{"line":22,"column":8},"end":{"line":22,"column":55}},"13":{"start":{"line":24,"column":8},"end":{"line":24,"column":114}},"14":{"start":{"line":26,"column":8},"end":{"line":26,"column":20}},"15":{"start":{"line":28,"column":8},"end":{"line":28,"column":20}},"16":{"start":{"line":31,"column":22},"end":{"line":31,"column":35}},"17":{"start":{"line":33,"column":2},"end":{"line":33,"column":26}}},"fnMap":{"0":{"name":"(anonymous_0)","decl":{"start":{"line":1,"column":20},"end":{"line":1,"column":21}},"loc":{"start":{"line":1,"column":31},"end":{"line":9,"column":1}},"line":1},"1":{"name":"(anonymous_1)","decl":{"start":{"line":11,"column":14},"end":{"line":11,"column":15}},"loc":{"start":{"line":11,"column":41},"end":{"line":34,"column":1}},"line":11},"2":{"name":"(anonymous_2)","decl":{"start":{"line":14,"column":9},"end":{"line":14,"column":10}},"loc":{"start":{"line":14,"column":18},"end":{"line":30,"column":5}},"line":14},"3":{"name":"(anonymous_3)","decl":{"start":{"line":31,"column":12},"end":{"line":31,"column":13}},"loc":{"start":{"line":31,"column":22},"end":{"line":31,"column":35}},"line":31}},"branchMap":{"0":{"loc":{"start":{"line":2,"column":2},"end":{"line":4,"column":3}},"type":"if","locations":[{"start":{"line":2,"column":2},"end":{"line":4,"column":3}},{"start":{},"end":{}}],"line":2},"1":{"loc":{"start":{"line":5,"column":2},"end":{"line":7,"column":3}},"type":"if","locations":[{"start":{"line":5,"column":2},"end":{"line":7,"column":3}},{"start":{},"end":{}}],"line":5},"2":{"loc":{"start":{"line":5,"column":6},"end":{"line":5,"column":49}},"type":"binary-expr","locations":[{"start":{"line":5,"column":6},"end":{"line":5,"column":31}},{"start":{"line":5,"column":35},"end":{"line":5,"column":49}}],"line":5},"3":{"loc":{"start":{"line":11,"column":21},"end":{"line":11,"column":36}},"type":"default-arg","locations":[{"start":{"line":11,"column":34},"end":{"line":11,"column":36}}],"line":11},"4":{"loc":{"start":{"line":15,"column":26},"end":{"line":15,"column":67}},"type":"cond-expr","locations":[{"start":{"line":15,"column":39},"end":{"line":15,"column":61}},{"start":{"line":15,"column":64},"end":{"line":15,"column":67}}],"line":15},"5":{"loc":{"start":{"line":18,"column":6},"end":{"line":29,"column":7}},"type":"switch","locations":[{"start":{"line":19,"column":6},"end":{"line":20,"column":87}},{"start":{"line":21,"column":6},"end":{"line":22,"column":55}},{"start":{"line":23,"column":6},"end":{"line":24,"column":114}},{"start":{"line":25,"column":6},"end":{"line":26,"column":20}},{"start":{"line":27,"column":6},"end":{"line":28,"column":20}}],"line":18}},"s":{"0":1,"1":3,"2":0,"3":3,"4":0,"5":3,"6":1,"7":1,"8":5,"9":5,"10":5,"11":1,"12":2,"13":1,"14":1,"15":0,"16":5,"17":1},"f":{"0":3,"1":1,"2":5,"3":5},"b":{"0":[0,3],"1":[0,3],"2":[3,0],"3":[1],"4":[0,5],"5":[1,2,1,1,0]},"inputSourceMap":null,"_coverageSchema":"1a1c01bbd47fc00a2c39e90264f33305004495a9","hash":"a3b3673d45bafc697099c2c89f13f63192efcd07"}
,"/Users/d.zagoruyko/qa-auto-engineer-javascript-project-87/src/formatters/stylish.js": {"path":"/Users/d.zagoruyko/qa-auto-engineer-javascript-project-87/src/formatters/stylish.js","statementMap":{"0":{"start":{"line":1,"column":16},"end":{"line":22,"column":1}},"1":{"start":{"line":2,"column":16},"end":{"line":19,"column":6}},"2":{"start":{"line":5,"column":50},"end":{"line":5,"column":59}},"3":{"start":{"line":7,"column":6},"end":{"line":18,"column":7}},"4":{"start":{"line":9,"column":8},"end":{"line":9,"column":38}},"5":{"start":{"line":11,"column":8},"end":{"line":11,"column":38}},"6":{"start":{"line":13,"column":8},"end":{"line":13,"column":66}},"7":{"start":{"line":15,"column":8},"end":{"line":15,"column":38}},"8":{"start":{"line":17,"column":8},"end":{"line":17,"column":18}},"9":{"start":{"line":21,"column":2},"end":{"line":21,"column":37}}},"fnMap":{"0":{"name":"(anonymous_0)","decl":{"start":{"line":1,"column":16},"end":{"line":1,"column":17}},"loc":{"start":{"line":1,"column":26},"end":{"line":22,"column":1}},"line":1},"1":{"name":"(anonymous_1)","decl":{"start":{"line":4,"column":9},"end":{"line":4,"column":10}},"loc":{"start":{"line":4,"column":18},"end":{"line":19,"column":5}},"line":4}},"branchMap":{"0":{"loc":{"start":{"line":7,"column":6},"end":{"line":18,"column":7}},"type":"switch","locations":[{"start":{"line":8,"column":6},"end":{"line":9,"column":38}},{"start":{"line":10,"column":6},"end":{"line":11,"column":38}},{"start":{"line":12,"column":6},"end":{"line":13,"column":66}},{"start":{"line":14,"column":6},"end":{"line":15,"column":38}},{"start":{"line":16,"column":6},"end":{"line":17,"column":18}}],"line":7}},"s":{"0":1,"1":3,"2":15,"3":15,"4":3,"5":6,"6":3,"7":3,"8":0,"9":3},"f":{"0":3,"1":15},"b":{"0":[3,6,3,3,0]},"inputSourceMap":null,"_coverageSchema":"1a1c01bbd47fc00a2c39e90264f33305004495a9","hash":"2974acbe254e3ee9bf9168f688d561b63b28e3e5"}
}
