TN:
SF:src/buildDiff.js
FN:3,(anonymous_0)
FN:7,(anonymous_1)
FNF:2
FNH:2
FNDA:4,(anonymous_0)
FNDA:20,(anonymous_1)
DA:3,1
DA:4,4
DA:6,4
DA:7,4
DA:8,20
DA:9,4
DA:10,16
DA:11,8
DA:12,8
DA:13,4
DA:15,4
DA:23,4
LF:12
LH:12
BRDA:8,0,0,4
BRDA:8,0,1,16
BRDA:10,1,0,8
BRDA:10,1,1,8
BRDA:12,2,0,4
BRDA:12,2,1,4
BRF:6
BRH:6
end_of_record
TN:
SF:src/index.js
FN:5,(anonymous_0)
FNF:1
FNH:1
FNDA:4,(anonymous_0)
DA:5,1
DA:6,4
DA:7,4
DA:9,4
DA:10,4
DA:12,4
LF:6
LH:6
BRDA:5,0,0,3
BRF:1
BRH:1
end_of_record
TN:
SF:src/parsers.js
FN:4,(anonymous_0)
FN:9,(anonymous_1)
FNF:2
FNH:2
FNDA:8,(anonymous_0)
FNDA:8,(anonymous_1)
DA:4,1
DA:5,8
DA:6,8
DA:9,1
DA:10,8
DA:11,8
DA:13,8
DA:14,5
DA:17,3
DA:18,3
DA:21,0
LF:11
LH:10
BRDA:13,0,0,5
BRDA:13,0,1,3
BRDA:17,1,0,3
BRDA:17,1,1,0
BRDA:17,2,0,3
BRDA:17,2,1,0
BRF:6
BRH:4
end_of_record
TN:
SF:src/formatters/index.js
FN:9,(anonymous_0)
FNF:1
FNH:1
FNDA:4,(anonymous_0)
DA:4,1
DA:10,4
DA:11,0
DA:13,4
LF:4
LH:3
BRDA:9,0,0,0
BRDA:10,1,0,0
BRDA:10,1,1,4
BRF:3
BRH:1
end_of_record
TN:
SF:src/formatters/plain.js
FN:1,(anonymous_0)
FN:11,(anonymous_1)
FN:14,(anonymous_2)
FN:31,(anonymous_3)
FNF:4
FNH:4
FNDA:3,(anonymous_0)
FNDA:1,(anonymous_1)
FNDA:5,(anonymous_2)
FNDA:5,(anonymous_3)
DA:1,1
DA:2,3
DA:3,0
DA:5,3
DA:6,0
DA:8,3
DA:11,1
DA:12,1
DA:15,5
DA:16,5
DA:18,5
DA:20,1
DA:22,2
DA:24,1
DA:26,1
DA:28,0
DA:31,5
DA:33,1
LF:18
LH:15
BRDA:2,0,0,0
BRDA:2,0,1,3
BRDA:5,1,0,0
BRDA:5,1,1,3
BRDA:5,2,0,3
BRDA:5,2,1,0
BRDA:11,3,0,1
BRDA:15,4,0,0
BRDA:15,4,1,5
BRDA:18,5,0,1
BRDA:18,5,1,2
BRDA:18,5,2,1
BRDA:18,5,3,1
BRDA:18,5,4,0
BRF:14
BRH:9
end_of_record
TN:
SF:src/formatters/stylish.js
FN:1,(anonymous_0)
FN:4,(anonymous_1)
FNF:2
FNH:2
FNDA:3,(anonymous_0)
FNDA:15,(anonymous_1)
DA:1,1
DA:2,3
DA:5,15
DA:7,15
DA:9,3
DA:11,6
DA:13,3
DA:15,3
DA:17,0
DA:21,3
LF:10
LH:9
BRDA:7,0,0,3
BRDA:7,0,1,6
BRDA:7,0,2,3
BRDA:7,0,3,3
BRDA:7,0,4,0
BRF:5
BRH:4
end_of_record
