TN:
SF:src/buildDiff.js
FN:3,(anonymous_0)
FN:7,(anonymous_1)
FNF:2
FNH:2
FNDA:1,(anonymous_0)
FNDA:5,(anonymous_1)
DA:3,1
DA:4,1
DA:6,1
DA:7,1
DA:8,5
DA:9,1
DA:10,4
DA:11,2
DA:12,2
DA:13,1
DA:15,1
DA:23,1
LF:12
LH:12
BRDA:8,0,0,1
BRDA:8,0,1,4
BRDA:10,1,0,2
BRDA:10,1,1,2
BRDA:12,2,0,1
BRDA:12,2,1,1
BRF:6
BRH:6
end_of_record
TN:
SF:src/index.js
FN:5,(anonymous_0)
FNF:1
FNH:1
FNDA:1,(anonymous_0)
DA:5,1
DA:6,1
DA:7,1
DA:9,1
DA:11,1
LF:5
LH:5
BRDA:5,0,0,1
BRF:1
BRH:1
end_of_record
TN:
SF:src/parsers.js
FN:4,(anonymous_0)
FN:10,(anonymous_1)
FNF:2
FNH:2
FNDA:2,(anonymous_0)
FNDA:2,(anonymous_1)
DA:4,1
DA:5,2
DA:6,2
DA:10,1
DA:11,2
DA:13,2
DA:14,2
DA:15,2
DA:19,0
LF:9
LH:8
BRDA:13,0,0,2
BRDA:13,0,1,0
BRF:2
BRH:1
end_of_record
TN:
SF:src/formatters/stylish.js
FN:1,(anonymous_0)
FN:4,(anonymous_1)
FNF:2
FNH:2
FNDA:1,(anonymous_0)
FNDA:5,(anonymous_1)
DA:1,1
DA:2,1
DA:5,5
DA:7,5
DA:9,1
DA:11,2
DA:13,1
DA:15,1
DA:17,0
DA:21,1
LF:10
LH:9
BRDA:7,0,0,1
BRDA:7,0,1,2
BRDA:7,0,2,1
BRDA:7,0,3,1
BRDA:7,0,4,0
BRF:5
BRH:4
end_of_record
